{"name": "test_create_pet", "status": "failed", "statusDetails": {"message": "AssertionError: assert 404 == 200\n +  where 404 = <Response [404]>.status_code", "trace": "self = <test_reqres_enpoints.TestReqResEndpoints object at 0xffff97ec5880>\nbase_url = 'https://petstore.swagger.io/v2'\ngenerate_faker_data = {'email': 'kirill_1971@example.net', 'firstname': 'Лаврентий', 'id': 2, 'lastname': 'Мартынова', ...}\n\n    def test_create_pet(self, base_url, generate_faker_data):\n        with allure.step(f'Отправляем запрос на создание питомца {generate_faker_data[\"username\"]}'):\n            statuses = ['available', 'sold']\n            data = {\n                \"id\": generate_faker_data['id'],\n                \"category\": {\n                    \"id\": random.randint(4, 444),\n                    \"name\": \"CATS\"\n                },\n                \"name\": faker.first_name(),\n                \"photoUrls\": [\n                    None\n                ],\n                \"tags\": [\n                    {\n                        \"id\": random.randint(3, 333),\n                        \"name\": \"CATS\"\n                    }\n                ],\n                \"status\": random.choice(statuses)\n            }\n    \n            response = requests.post(f'{base_url}/pet', json=data)\n            assert response.status_code == 200, \"Ошибка создания животного\"\n            assert data['name'] == response.json()['name']\n    \n            response_get_pet = requests.get(f'{base_url}/pet/{data[\"id\"]}')\n>           assert response_get_pet.status_code == 200\nE           assert 404 == 200\nE            +  where 404 = <Response [404]>.status_code\n\ntests/api/test_reqres_enpoints.py:52: AssertionError"}, "steps": [{"name": "Отправляем запрос на создание питомца osipovavarvara", "status": "failed", "statusDetails": {"message": "AssertionError: assert 404 == 200\n +  where 404 = <Response [404]>.status_code\n", "trace": "  File \"/usr/workspace/tests/api/test_reqres_enpoints.py\", line 52, in test_create_pet\n    assert response_get_pet.status_code == 200\n"}, "start": 1744479263022, "stop": 1744479263962}], "start": 1744479263022, "stop": 1744479263965, "uuid": "56afe86e-1adb-4fa0-87fb-badbbf7711d7", "historyId": "4cdebf693429381d9fbb925649b87a45", "testCaseId": "4cdebf693429381d9fbb925649b87a45", "fullName": "tests.api.test_reqres_enpoints.TestReqResEndpoints#test_create_pet", "labels": [{"name": "parentSuite", "value": "tests.api"}, {"name": "suite", "value": "test_reqres_enpoints"}, {"name": "subSuite", "value": "TestReqResEndpoints"}, {"name": "host", "value": "2d95d5b20681"}, {"name": "thread", "value": "7-MainThread"}, {"name": "framework", "value": "pytest"}, {"name": "language", "value": "cpython3"}, {"name": "package", "value": "tests.api.test_reqres_enpoints"}]}