{"name": "test_create_pet", "status": "failed", "statusDetails": {"message": "AssertionError: assert 'CatTest' == 'Геннадий'\n  \n  - Геннадий\n  + CatTest", "trace": "self = <test_reqres_enpoints.TestReqResEndpoints object at 0xffff7ca215e0>\nbase_url = 'https://petstore.swagger.io/v2'\ngenerate_faker_data = {'email': 'ladislav12@example.com', 'firstname': 'Филимон', 'id': 2, 'lastname': 'Жукова', ...}\n\n    def test_create_pet(self, base_url, generate_faker_data):\n        with allure.step(f'Отправляем запрос на создание питомца {generate_faker_data[\"username\"]}'):\n            statuses = ['available', 'sold']\n            data = {\n                \"id\": generate_faker_data['id'],\n                \"category\": {\n                    \"id\": random.randint(4, 444),\n                    \"name\": \"CATS\"\n                },\n                \"name\": faker.first_name(),\n                \"photoUrls\": [\n                    None\n                ],\n                \"tags\": [\n                    {\n                        \"id\": random.randint(3, 333),\n                        \"name\": \"CATS\"\n                    }\n                ],\n                \"status\": random.choice(statuses)\n            }\n    \n            response = requests.post(f'{base_url}/pet', json=data)\n            assert response.status_code == 200, \"Ошибка создания животного\"\n            assert data['name'] == response.json()['name']\n    \n            response_get_pet = requests.get(f'{base_url}/pet/{data[\"id\"]}')\n            assert response_get_pet.status_code == 200\n>           assert response_get_pet.json()['name'] == data['name']\nE           AssertionError: assert 'CatTest' == 'Геннадий'\nE             \nE             - Геннадий\nE             + CatTest\n\ntests/api/test_reqres_enpoints.py:53: AssertionError"}, "steps": [{"name": "Отправляем запрос на создание питомца cmaksimova", "status": "failed", "statusDetails": {"message": "AssertionError: assert 'CatTest' == 'Геннадий'\n  \n  - Геннадий\n  + CatTest\n", "trace": "  File \"/usr/workspace/tests/api/test_reqres_enpoints.py\", line 53, in test_create_pet\n    assert response_get_pet.json()['name'] == data['name']\n"}, "start": 1744480957753, "stop": 1744480958801}], "start": 1744480957752, "stop": 1744480958803, "uuid": "0bf2897d-b692-44b3-b943-2d534b4b4c17", "historyId": "4cdebf693429381d9fbb925649b87a45", "testCaseId": "4cdebf693429381d9fbb925649b87a45", "fullName": "tests.api.test_reqres_enpoints.TestReqResEndpoints#test_create_pet", "labels": [{"name": "parentSuite", "value": "tests.api"}, {"name": "suite", "value": "test_reqres_enpoints"}, {"name": "subSuite", "value": "TestReqResEndpoints"}, {"name": "host", "value": "abc9b975fb03"}, {"name": "thread", "value": "7-MainThread"}, {"name": "framework", "value": "pytest"}, {"name": "language", "value": "cpython3"}, {"name": "package", "value": "tests.api.test_reqres_enpoints"}]}