{"uid":"18850cb22f1665f6","name":"test_create_pet","fullName":"tests.api.test_reqres_enpoints.TestReqResEndpoints#test_create_pet","historyId":"4cdebf693429381d9fbb925649b87a45","time":{"start":1744486328949,"stop":1744486329546,"duration":597},"status":"failed","statusMessage":"AssertionError: assert 404 == 200\n +  where 404 = <Response [404]>.status_code","statusTrace":"self = <test_reqres_enpoints.TestReqResEndpoints object at 0x7fc13cc5e660>\nbase_url = 'https://petstore.swagger.io/v2'\ngenerate_faker_data = {'email': 'lazar_2000@example.com', 'firstname': 'Вячеслав', 'id': 2, 'lastname': 'Абрамова', ...}\n\n    def test_create_pet(self, base_url, generate_faker_data):\n        with allure.step(f'Отправляем запрос на создание питомца {generate_faker_data[\"username\"]}'):\n            statuses = ['available', 'sold']\n            data = {\n                \"id\": generate_faker_data['id'],\n                \"category\": {\n                    \"id\": random.randint(4, 444),\n                    \"name\": \"CATS\"\n                },\n                \"name\": faker.first_name(),\n                \"photoUrls\": [\n                    None\n                ],\n                \"tags\": [\n                    {\n                        \"id\": random.randint(3, 333),\n                        \"name\": \"CATS\"\n                    }\n                ],\n                \"status\": random.choice(statuses)\n            }\n    \n            response = requests.post(f'{base_url}/pet', json=data)\n            assert response.status_code == 200, \"Ошибка создания животного\"\n            assert data['name'] == response.json()['name']\n    \n            response_get_pet = requests.get(f'{base_url}/pet/{data[\"id\"]}')\n>           assert response_get_pet.status_code == 200\nE           assert 404 == 200\nE            +  where 404 = <Response [404]>.status_code\n\ntests/api/test_reqres_enpoints.py:52: AssertionError","flaky":false,"newFailed":false,"newBroken":false,"newPassed":false,"retriesCount":10,"retriesStatusChange":true,"beforeStages":[{"name":"_session_faker","time":{"start":1744486328887,"stop":1744486328948,"duration":61},"status":"passed","steps":[],"attachments":[],"parameters":[],"shouldDisplayMessage":false,"attachmentsCount":0,"stepsCount":0,"hasContent":false,"attachmentStep":false},{"name":"generate_faker_data","time":{"start":1744486328948,"stop":1744486328948,"duration":0},"status":"passed","steps":[],"attachments":[],"parameters":[],"shouldDisplayMessage":false,"attachmentsCount":0,"stepsCount":0,"hasContent":false,"attachmentStep":false},{"name":"base_url","time":{"start":1744486328948,"stop":1744486328948,"duration":0},"status":"passed","steps":[],"attachments":[],"parameters":[],"shouldDisplayMessage":false,"attachmentsCount":0,"stepsCount":0,"hasContent":false,"attachmentStep":false}],"testStage":{"status":"failed","statusMessage":"AssertionError: assert 404 == 200\n +  where 404 = <Response [404]>.status_code","statusTrace":"self = <test_reqres_enpoints.TestReqResEndpoints object at 0x7fc13cc5e660>\nbase_url = 'https://petstore.swagger.io/v2'\ngenerate_faker_data = {'email': 'lazar_2000@example.com', 'firstname': 'Вячеслав', 'id': 2, 'lastname': 'Абрамова', ...}\n\n    def test_create_pet(self, base_url, generate_faker_data):\n        with allure.step(f'Отправляем запрос на создание питомца {generate_faker_data[\"username\"]}'):\n            statuses = ['available', 'sold']\n            data = {\n                \"id\": generate_faker_data['id'],\n                \"category\": {\n                    \"id\": random.randint(4, 444),\n                    \"name\": \"CATS\"\n                },\n                \"name\": faker.first_name(),\n                \"photoUrls\": [\n                    None\n                ],\n                \"tags\": [\n                    {\n                        \"id\": random.randint(3, 333),\n                        \"name\": \"CATS\"\n                    }\n                ],\n                \"status\": random.choice(statuses)\n            }\n    \n            response = requests.post(f'{base_url}/pet', json=data)\n            assert response.status_code == 200, \"Ошибка создания животного\"\n            assert data['name'] == response.json()['name']\n    \n            response_get_pet = requests.get(f'{base_url}/pet/{data[\"id\"]}')\n>           assert response_get_pet.status_code == 200\nE           assert 404 == 200\nE            +  where 404 = <Response [404]>.status_code\n\ntests/api/test_reqres_enpoints.py:52: AssertionError","steps":[{"name":"Отправляем запрос на создание питомца adrian1978","time":{"start":1744486328949,"stop":1744486329546,"duration":597},"status":"failed","statusMessage":"AssertionError: assert 404 == 200\n +  where 404 = <Response [404]>.status_code\n","statusTrace":"  File \"/usr/workspace/tests/api/test_reqres_enpoints.py\", line 52, in test_create_pet\n    assert response_get_pet.status_code == 200\n","steps":[],"attachments":[],"parameters":[],"shouldDisplayMessage":true,"attachmentsCount":0,"stepsCount":0,"hasContent":true,"attachmentStep":false}],"attachments":[],"parameters":[],"shouldDisplayMessage":true,"attachmentsCount":0,"stepsCount":1,"hasContent":true,"attachmentStep":false},"afterStages":[],"labels":[{"name":"parentSuite","value":"tests.api"},{"name":"suite","value":"test_reqres_enpoints"},{"name":"subSuite","value":"TestReqResEndpoints"},{"name":"host","value":"39173765a542"},{"name":"thread","value":"7-MainThread"},{"name":"framework","value":"pytest"},{"name":"language","value":"cpython3"},{"name":"package","value":"tests.api.test_reqres_enpoints"},{"name":"resultFormat","value":"allure2"}],"parameters":[],"links":[],"hidden":false,"retry":false,"extra":{"severity":"normal","retries":[{"uid":"eefdf4d653339846","status":"passed","time":{"start":1744484768641,"stop":1744484769699,"duration":1058}},{"uid":"ffee539f631dc6e5","status":"failed","statusDetails":"AssertionError: assert 404 == 200\n +  where 404 = <Response [404]>.status_code","time":{"start":1744484242043,"stop":1744484243061,"duration":1018}},{"uid":"3989c5c906bb0cc3","status":"failed","statusDetails":"AssertionError: assert 'CatTest' == 'Геннадий'\n  \n  - Геннадий\n  + CatTest","time":{"start":1744480957752,"stop":1744480958803,"duration":1051}},{"uid":"105ab1974e3d359a","status":"passed","time":{"start":1744480750538,"stop":1744480751591,"duration":1053}},{"uid":"f96cd3ce92c0073d","status":"failed","statusDetails":"AssertionError: assert 404 == 200\n +  where 404 = <Response [404]>.status_code","time":{"start":1744480266153,"stop":1744480267226,"duration":1073}},{"uid":"5404d20c15eeb19d","status":"passed","time":{"start":1744479808349,"stop":1744479809313,"duration":964}},{"uid":"c20a5206ca23c5d9","status":"passed","time":{"start":1744479733089,"stop":1744479734107,"duration":1018}},{"uid":"7754db0ef8702d92","status":"passed","time":{"start":1744479573216,"stop":1744479575320,"duration":2104}},{"uid":"5c040d2879be9bd1","status":"failed","statusDetails":"AssertionError: assert 404 == 200\n +  where 404 = <Response [404]>.status_code","time":{"start":1744479263022,"stop":1744479263965,"duration":943}},{"uid":"f287c64f000d304","status":"failed","statusDetails":"AssertionError: assert 404 == 200\n +  where 404 = <Response [404]>.status_code","time":{"start":1744471036679,"stop":1744471037626,"duration":947}}],"categories":[{"name":"Product defects","matchedStatuses":[]}],"tags":[]},"source":"18850cb22f1665f6.json","parameterValues":[]}