{"uid":"b267f93c685984ff","name":"test_create_pet","fullName":"tests.api.test_reqres_enpoints.TestReqResEndpoints#test_create_pet","historyId":"4cdebf693429381d9fbb925649b87a45","time":{"start":1744481349180,"stop":1744481349473,"duration":293},"status":"failed","statusMessage":"AssertionError: assert 'CatTest' == 'Христофор'\n  \n  - Христофор\n  + CatTest","statusTrace":"self = <test_reqres_enpoints.TestReqResEndpoints object at 0x7f2bba53fdd0>\nbase_url = 'https://petstore.swagger.io/v2'\ngenerate_faker_data = {'email': 'gorshkovavgust@example.com', 'firstname': 'Аникей', 'id': 2, 'lastname': 'Воробьев', ...}\n\n    def test_create_pet(self, base_url, generate_faker_data):\n        with allure.step(f'Отправляем запрос на создание питомца {generate_faker_data[\"username\"]}'):\n            statuses = ['available', 'sold']\n            data = {\n                \"id\": generate_faker_data['id'],\n                \"category\": {\n                    \"id\": random.randint(4, 444),\n                    \"name\": \"CATS\"\n                },\n                \"name\": faker.first_name(),\n                \"photoUrls\": [\n                    None\n                ],\n                \"tags\": [\n                    {\n                        \"id\": random.randint(3, 333),\n                        \"name\": \"CATS\"\n                    }\n                ],\n                \"status\": random.choice(statuses)\n            }\n    \n            response = requests.post(f'{base_url}/pet', json=data)\n            assert response.status_code == 200, \"Ошибка создания животного\"\n            assert data['name'] == response.json()['name']\n    \n            response_get_pet = requests.get(f'{base_url}/pet/{data[\"id\"]}')\n            assert response_get_pet.status_code == 200\n>           assert response_get_pet.json()['name'] == data['name']\nE           AssertionError: assert 'CatTest' == 'Христофор'\nE             \nE             - Христофор\nE             + CatTest\n\ntests/api/test_reqres_enpoints.py:53: AssertionError","flaky":false,"newFailed":false,"newBroken":false,"newPassed":false,"retriesCount":8,"retriesStatusChange":true,"beforeStages":[{"name":"_session_faker","time":{"start":1744481349119,"stop":1744481349180,"duration":61},"status":"passed","steps":[],"attachments":[],"parameters":[],"shouldDisplayMessage":false,"attachmentsCount":0,"stepsCount":0,"hasContent":false,"attachmentStep":false},{"name":"generate_faker_data","time":{"start":1744481349180,"stop":1744481349180,"duration":0},"status":"passed","steps":[],"attachments":[],"parameters":[],"shouldDisplayMessage":false,"attachmentsCount":0,"stepsCount":0,"hasContent":false,"attachmentStep":false},{"name":"base_url","time":{"start":1744481349180,"stop":1744481349180,"duration":0},"status":"passed","steps":[],"attachments":[],"parameters":[],"shouldDisplayMessage":false,"attachmentsCount":0,"stepsCount":0,"hasContent":false,"attachmentStep":false}],"testStage":{"status":"failed","statusMessage":"AssertionError: assert 'CatTest' == 'Христофор'\n  \n  - Христофор\n  + CatTest","statusTrace":"self = <test_reqres_enpoints.TestReqResEndpoints object at 0x7f2bba53fdd0>\nbase_url = 'https://petstore.swagger.io/v2'\ngenerate_faker_data = {'email': 'gorshkovavgust@example.com', 'firstname': 'Аникей', 'id': 2, 'lastname': 'Воробьев', ...}\n\n    def test_create_pet(self, base_url, generate_faker_data):\n        with allure.step(f'Отправляем запрос на создание питомца {generate_faker_data[\"username\"]}'):\n            statuses = ['available', 'sold']\n            data = {\n                \"id\": generate_faker_data['id'],\n                \"category\": {\n                    \"id\": random.randint(4, 444),\n                    \"name\": \"CATS\"\n                },\n                \"name\": faker.first_name(),\n                \"photoUrls\": [\n                    None\n                ],\n                \"tags\": [\n                    {\n                        \"id\": random.randint(3, 333),\n                        \"name\": \"CATS\"\n                    }\n                ],\n                \"status\": random.choice(statuses)\n            }\n    \n            response = requests.post(f'{base_url}/pet', json=data)\n            assert response.status_code == 200, \"Ошибка создания животного\"\n            assert data['name'] == response.json()['name']\n    \n            response_get_pet = requests.get(f'{base_url}/pet/{data[\"id\"]}')\n            assert response_get_pet.status_code == 200\n>           assert response_get_pet.json()['name'] == data['name']\nE           AssertionError: assert 'CatTest' == 'Христофор'\nE             \nE             - Христофор\nE             + CatTest\n\ntests/api/test_reqres_enpoints.py:53: AssertionError","steps":[{"name":"Отправляем запрос на создание питомца prokofisazonov","time":{"start":1744481349180,"stop":1744481349473,"duration":293},"status":"failed","statusMessage":"AssertionError: assert 'CatTest' == 'Христофор'\n  \n  - Христофор\n  + CatTest\n","statusTrace":"  File \"/usr/workspace/tests/api/test_reqres_enpoints.py\", line 53, in test_create_pet\n    assert response_get_pet.json()['name'] == data['name']\n","steps":[],"attachments":[],"parameters":[],"shouldDisplayMessage":true,"attachmentsCount":0,"stepsCount":0,"hasContent":true,"attachmentStep":false}],"attachments":[],"parameters":[],"shouldDisplayMessage":true,"attachmentsCount":0,"stepsCount":1,"hasContent":true,"attachmentStep":false},"afterStages":[],"labels":[{"name":"parentSuite","value":"tests.api"},{"name":"suite","value":"test_reqres_enpoints"},{"name":"subSuite","value":"TestReqResEndpoints"},{"name":"host","value":"558f931f4c20"},{"name":"thread","value":"7-MainThread"},{"name":"framework","value":"pytest"},{"name":"language","value":"cpython3"},{"name":"package","value":"tests.api.test_reqres_enpoints"},{"name":"resultFormat","value":"allure2"}],"parameters":[],"links":[],"hidden":false,"retry":false,"extra":{"severity":"normal","retries":[{"uid":"7c69f8a7c2ffbb21","status":"failed","statusDetails":"AssertionError: assert 'CatTest' == 'Геннадий'\n  \n  - Геннадий\n  + CatTest","time":{"start":1744480957752,"stop":1744480958803,"duration":1051}},{"uid":"161951f54ceed3c8","status":"passed","time":{"start":1744480750538,"stop":1744480751591,"duration":1053}},{"uid":"e1bc82dcca456bfa","status":"failed","statusDetails":"AssertionError: assert 404 == 200\n +  where 404 = <Response [404]>.status_code","time":{"start":1744480266153,"stop":1744480267226,"duration":1073}},{"uid":"14837ac75bf968e6","status":"passed","time":{"start":1744479808349,"stop":1744479809313,"duration":964}},{"uid":"b9afbef690bbb797","status":"passed","time":{"start":1744479733089,"stop":1744479734107,"duration":1018}},{"uid":"53521a503cc8024e","status":"passed","time":{"start":1744479573216,"stop":1744479575320,"duration":2104}},{"uid":"5d7cd47127c45a2","status":"failed","statusDetails":"AssertionError: assert 404 == 200\n +  where 404 = <Response [404]>.status_code","time":{"start":1744479263022,"stop":1744479263965,"duration":943}},{"uid":"c12bdefc9e0f5ebb","status":"failed","statusDetails":"AssertionError: assert 404 == 200\n +  where 404 = <Response [404]>.status_code","time":{"start":1744471036679,"stop":1744471037626,"duration":947}}],"categories":[{"name":"Product defects","matchedStatuses":[]}],"tags":[]},"source":"b267f93c685984ff.json","parameterValues":[]}